Arguments: 
  C:\Program Files\nodejs\node.exe C:\Users\Emre\Desktop\Web Programlama Ödevler\1030522914_BS435_WebProgramlama\odev02\.yarn\releases\yarn-1.22.17.cjs set version from sources

PATH: 
  C:\Program Files (x86)\Razer Chroma SDK\bin;C:\Program Files\Razer Chroma SDK\bin;C:\Program Files (x86)\VMware\VMware Player\bin\;C:\Program Files (x86)\Razer\ChromaBroadcast\bin;C:\Program Files\Razer\ChromaBroadcast\bin;C:\ProgramData\Oracle\Java\javapath;C:\Program Files (x86)\NVIDIA Corporation\PhysX\Common;C:\WINDOWS\system32;C:\WINDOWS;C:\WINDOWS\System32\Wbem;C:\WINDOWS\System32\WindowsPowerShell\v1.0\;C:\WINDOWS\System32\OpenSSH\;C:\Program Files\dotnet\;C:\Users\Emre\AppData\Local\Microsoft\WindowsApps;C:\Users\Emre\.dotnet\tools;C:\Program Files (x86)\Microsoft SQL Server\150\DTS\Binn\;C:\Program Files\Azure Data Studio\bin;C:\Program Files\Microsoft SQL Server\Client SDK\ODBC\170\Tools\Binn\;C:\Program Files (x86)\Microsoft SQL Server\150\Tools\Binn\;C:\Program Files\Microsoft SQL Server\150\Tools\Binn\;C:\Program Files\Microsoft SQL Server\150\DTS\Binn\;C:\WINDOWS\system32\config\systemprofile\AppData\Local\Microsoft\WindowsApps;C:\WINDOWS\system32;C:\WINDOWS;C:\WINDOWS\System32\Wbem;C:\WINDOWS\System32\WindowsPowerShell\v1.0\;C:\WINDOWS\System32\OpenSSH\;C:\Program Files\Git\cmd;C:\Program Files\nodejs\;C:\Users\Emre\AppData\Local\Microsoft\WindowsApps;C:\Users\Emre\.dotnet\tools;C:\Users\Emre\AppData\Local\GitHubDesktop\bin;C:\Program Files\Azure Data Studio\bin;;C:\Users\Emre\AppData\Local\Programs\Microsoft VS Code\bin;C:\Users\Emre\AppData\Roaming\npm

Yarn version: 
  1.22.17

Node version: 
  16.13.0

Platform: 
  win32 x64

Trace: 
  Error: Release not found: from
      at C:\Users\Emre\Desktop\Web Programlama Ödevler\1030522914_BS435_WebProgramlama\odev02\.yarn\releases\yarn-1.22.17.cjs:98454:17
      at Generator.next (<anonymous>)
      at step (C:\Users\Emre\Desktop\Web Programlama Ödevler\1030522914_BS435_WebProgramlama\odev02\.yarn\releases\yarn-1.22.17.cjs:310:30)
      at C:\Users\Emre\Desktop\Web Programlama Ödevler\1030522914_BS435_WebProgramlama\odev02\.yarn\releases\yarn-1.22.17.cjs:321:13
      at processTicksAndRejections (node:internal/process/task_queues:96:5)

npm manifest: 
  No manifest

yarn manifest: 
  No manifest

Lockfile: 
  No lockfile
